Performing C SOURCE FILE Test CMAKE_HAVE_LIBC_PTHREAD failed with the following output:
Change Dir: /home/farhan/Farhan_Thesis_Codes/pbrt-v3/cmake-build-debug/CMakeFiles/CMakeTmp

Run Build Command(s):/usr/bin/make cmTC_173aa/fast && /usr/bin/make -f CMakeFiles/cmTC_173aa.dir/build.make CMakeFiles/cmTC_173aa.dir/build
make[1]: Entering directory '/home/farhan/Farhan_Thesis_Codes/pbrt-v3/cmake-build-debug/CMakeFiles/CMakeTmp'
Building C object CMakeFiles/cmTC_173aa.dir/src.c.o
/usr/bin/cc   -DCMAKE_HAVE_LIBC_PTHREAD   -o CMakeFiles/cmTC_173aa.dir/src.c.o   -c /home/farhan/Farhan_Thesis_Codes/pbrt-v3/cmake-build-debug/CMakeFiles/CMakeTmp/src.c
Linking C executable cmTC_173aa
/home/farhan/clion-2019.3.1/bin/cmake/linux/bin/cmake -E cmake_link_script CMakeFiles/cmTC_173aa.dir/link.txt --verbose=1
/usr/bin/cc  -DCMAKE_HAVE_LIBC_PTHREAD    -rdynamic CMakeFiles/cmTC_173aa.dir/src.c.o  -o cmTC_173aa 
CMakeFiles/cmTC_173aa.dir/src.c.o: In function `main':
src.c:(.text+0x3e): undefined reference to `pthread_create'
src.c:(.text+0x4a): undefined reference to `pthread_detach'
src.c:(.text+0x5b): undefined reference to `pthread_join'
src.c:(.text+0x6f): undefined reference to `pthread_atfork'
collect2: error: ld returned 1 exit status
CMakeFiles/cmTC_173aa.dir/build.make:86: recipe for target 'cmTC_173aa' failed
make[1]: *** [cmTC_173aa] Error 1
make[1]: Leaving directory '/home/farhan/Farhan_Thesis_Codes/pbrt-v3/cmake-build-debug/CMakeFiles/CMakeTmp'
Makefile:121: recipe for target 'cmTC_173aa/fast' failed
make: *** [cmTC_173aa/fast] Error 2


Source file was:
#include <pthread.h>

void* test_func(void* data)
{
  return data;
}

int main(void)
{
  pthread_t thread;
  pthread_create(&thread, NULL, test_func, NULL);
  pthread_detach(thread);
  pthread_join(thread, NULL);
  pthread_atfork(NULL, NULL, NULL);
  pthread_exit(NULL);

  return 0;
}

Determining if the function pthread_create exists in the pthreads failed with the following output:
Change Dir: /home/farhan/Farhan_Thesis_Codes/pbrt-v3/cmake-build-debug/CMakeFiles/CMakeTmp

Run Build Command(s):/usr/bin/make cmTC_7fbfb/fast && /usr/bin/make -f CMakeFiles/cmTC_7fbfb.dir/build.make CMakeFiles/cmTC_7fbfb.dir/build
make[1]: Entering directory '/home/farhan/Farhan_Thesis_Codes/pbrt-v3/cmake-build-debug/CMakeFiles/CMakeTmp'
Building C object CMakeFiles/cmTC_7fbfb.dir/CheckFunctionExists.c.o
/usr/bin/cc   -DCHECK_FUNCTION_EXISTS=pthread_create   -o CMakeFiles/cmTC_7fbfb.dir/CheckFunctionExists.c.o   -c /home/farhan/clion-2019.3.1/bin/cmake/linux/share/cmake-3.15/Modules/CheckFunctionExists.c
Linking C executable cmTC_7fbfb
/home/farhan/clion-2019.3.1/bin/cmake/linux/bin/cmake -E cmake_link_script CMakeFiles/cmTC_7fbfb.dir/link.txt --verbose=1
/usr/bin/cc  -DCHECK_FUNCTION_EXISTS=pthread_create    -rdynamic CMakeFiles/cmTC_7fbfb.dir/CheckFunctionExists.c.o  -o cmTC_7fbfb -lpthreads 
/usr/bin/ld: cannot find -lpthreads
collect2: error: ld returned 1 exit status
CMakeFiles/cmTC_7fbfb.dir/build.make:86: recipe for target 'cmTC_7fbfb' failed
make[1]: *** [cmTC_7fbfb] Error 1
make[1]: Leaving directory '/home/farhan/Farhan_Thesis_Codes/pbrt-v3/cmake-build-debug/CMakeFiles/CMakeTmp'
Makefile:121: recipe for target 'cmTC_7fbfb/fast' failed
make: *** [cmTC_7fbfb/fast] Error 2



Performing C++ SOURCE FILE Test HAVE_DECLSPEC_NOINLINE failed with the following output:
Change Dir: /home/farhan/Farhan_Thesis_Codes/pbrt-v3/cmake-build-debug/CMakeFiles/CMakeTmp

Run Build Command(s):/usr/bin/make cmTC_c36ba/fast && /usr/bin/make -f CMakeFiles/cmTC_c36ba.dir/build.make CMakeFiles/cmTC_c36ba.dir/build
make[1]: Entering directory '/home/farhan/Farhan_Thesis_Codes/pbrt-v3/cmake-build-debug/CMakeFiles/CMakeTmp'
Building CXX object CMakeFiles/cmTC_c36ba.dir/src.cxx.o
/usr/bin/c++    -std=gnu++11 -Wno-conversion-null -DHAVE_DECLSPEC_NOINLINE   -o CMakeFiles/cmTC_c36ba.dir/src.cxx.o -c /home/farhan/Farhan_Thesis_Codes/pbrt-v3/cmake-build-debug/CMakeFiles/CMakeTmp/src.cxx
/home/farhan/Farhan_Thesis_Codes/pbrt-v3/cmake-build-debug/CMakeFiles/CMakeTmp/src.cxx:1:11: error: expected constructor, destructor, or type conversion before ‘(’ token
 __declspec(noinline) void foo() { }
           ^
CMakeFiles/cmTC_c36ba.dir/build.make:65: recipe for target 'CMakeFiles/cmTC_c36ba.dir/src.cxx.o' failed
make[1]: *** [CMakeFiles/cmTC_c36ba.dir/src.cxx.o] Error 1
make[1]: Leaving directory '/home/farhan/Farhan_Thesis_Codes/pbrt-v3/cmake-build-debug/CMakeFiles/CMakeTmp'
Makefile:121: recipe for target 'cmTC_c36ba/fast' failed
make: *** [cmTC_c36ba/fast] Error 2


Source file was:
__declspec(noinline) void foo() { }
int main() { }
Performing C++ SOURCE FILE Test HAVE__ALIGNED_MALLOC failed with the following output:
Change Dir: /home/farhan/Farhan_Thesis_Codes/pbrt-v3/cmake-build-debug/CMakeFiles/CMakeTmp

Run Build Command(s):/usr/bin/make cmTC_edfe8/fast && /usr/bin/make -f CMakeFiles/cmTC_edfe8.dir/build.make CMakeFiles/cmTC_edfe8.dir/build
make[1]: Entering directory '/home/farhan/Farhan_Thesis_Codes/pbrt-v3/cmake-build-debug/CMakeFiles/CMakeTmp'
Building CXX object CMakeFiles/cmTC_edfe8.dir/src.cxx.o
/usr/bin/c++    -std=gnu++11 -Wno-conversion-null -DHAVE__ALIGNED_MALLOC   -o CMakeFiles/cmTC_edfe8.dir/src.cxx.o -c /home/farhan/Farhan_Thesis_Codes/pbrt-v3/cmake-build-debug/CMakeFiles/CMakeTmp/src.cxx
/home/farhan/Farhan_Thesis_Codes/pbrt-v3/cmake-build-debug/CMakeFiles/CMakeTmp/src.cxx: In function ‘int main()’:
/home/farhan/Farhan_Thesis_Codes/pbrt-v3/cmake-build-debug/CMakeFiles/CMakeTmp/src.cxx:3:27: error: ‘_aligned_malloc’ was not declared in this scope
 int main() { void * ptr = _aligned_malloc(1024, 32); }
                           ^~~~~~~~~~~~~~~
/home/farhan/Farhan_Thesis_Codes/pbrt-v3/cmake-build-debug/CMakeFiles/CMakeTmp/src.cxx:3:27: note: suggested alternative: ‘__builtin_malloc’
 int main() { void * ptr = _aligned_malloc(1024, 32); }
                           ^~~~~~~~~~~~~~~
                           __builtin_malloc
CMakeFiles/cmTC_edfe8.dir/build.make:65: recipe for target 'CMakeFiles/cmTC_edfe8.dir/src.cxx.o' failed
make[1]: *** [CMakeFiles/cmTC_edfe8.dir/src.cxx.o] Error 1
make[1]: Leaving directory '/home/farhan/Farhan_Thesis_Codes/pbrt-v3/cmake-build-debug/CMakeFiles/CMakeTmp'
Makefile:121: recipe for target 'cmTC_edfe8/fast' failed
make: *** [cmTC_edfe8/fast] Error 2


Source file was:

#include <malloc.h>
int main() { void * ptr = _aligned_malloc(1024, 32); }

Performing C++ SOURCE FILE Test HAVE_DECLSPEC_THREAD failed with the following output:
Change Dir: /home/farhan/Farhan_Thesis_Codes/pbrt-v3/cmake-build-debug/CMakeFiles/CMakeTmp

Run Build Command(s):/usr/bin/make cmTC_e51c5/fast && /usr/bin/make -f CMakeFiles/cmTC_e51c5.dir/build.make CMakeFiles/cmTC_e51c5.dir/build
make[1]: Entering directory '/home/farhan/Farhan_Thesis_Codes/pbrt-v3/cmake-build-debug/CMakeFiles/CMakeTmp'
Building CXX object CMakeFiles/cmTC_e51c5.dir/src.cxx.o
/usr/bin/c++    -std=gnu++11 -Wno-conversion-null -DHAVE_DECLSPEC_THREAD   -o CMakeFiles/cmTC_e51c5.dir/src.cxx.o -c /home/farhan/Farhan_Thesis_Codes/pbrt-v3/cmake-build-debug/CMakeFiles/CMakeTmp/src.cxx
/home/farhan/Farhan_Thesis_Codes/pbrt-v3/cmake-build-debug/CMakeFiles/CMakeTmp/src.cxx:2:11: error: expected constructor, destructor, or type conversion before ‘(’ token
 __declspec(thread) int x; int main() { }
           ^
CMakeFiles/cmTC_e51c5.dir/build.make:65: recipe for target 'CMakeFiles/cmTC_e51c5.dir/src.cxx.o' failed
make[1]: *** [CMakeFiles/cmTC_e51c5.dir/src.cxx.o] Error 1
make[1]: Leaving directory '/home/farhan/Farhan_Thesis_Codes/pbrt-v3/cmake-build-debug/CMakeFiles/CMakeTmp'
Makefile:121: recipe for target 'cmTC_e51c5/fast' failed
make: *** [cmTC_e51c5/fast] Error 2


Source file was:

__declspec(thread) int x; int main() { }

Determining if the include file libunwind.h exists failed with the following output:
Change Dir: /home/farhan/Farhan_Thesis_Codes/pbrt-v3/cmake-build-debug/CMakeFiles/CMakeTmp

Run Build Command(s):/usr/bin/make cmTC_a8dd8/fast && /usr/bin/make -f CMakeFiles/cmTC_a8dd8.dir/build.make CMakeFiles/cmTC_a8dd8.dir/build
make[1]: Entering directory '/home/farhan/Farhan_Thesis_Codes/pbrt-v3/cmake-build-debug/CMakeFiles/CMakeTmp'
Building C object CMakeFiles/cmTC_a8dd8.dir/CheckIncludeFile.c.o
/usr/bin/cc    -o CMakeFiles/cmTC_a8dd8.dir/CheckIncludeFile.c.o   -c /home/farhan/Farhan_Thesis_Codes/pbrt-v3/cmake-build-debug/CMakeFiles/CMakeTmp/CheckIncludeFile.c
/home/farhan/Farhan_Thesis_Codes/pbrt-v3/cmake-build-debug/CMakeFiles/CMakeTmp/CheckIncludeFile.c:1:10: fatal error: libunwind.h: No such file or directory
 #include <libunwind.h>
          ^~~~~~~~~~~~~
compilation terminated.
CMakeFiles/cmTC_a8dd8.dir/build.make:65: recipe for target 'CMakeFiles/cmTC_a8dd8.dir/CheckIncludeFile.c.o' failed
make[1]: *** [CMakeFiles/cmTC_a8dd8.dir/CheckIncludeFile.c.o] Error 1
make[1]: Leaving directory '/home/farhan/Farhan_Thesis_Codes/pbrt-v3/cmake-build-debug/CMakeFiles/CMakeTmp'
Makefile:121: recipe for target 'cmTC_a8dd8/fast' failed
make: *** [cmTC_a8dd8/fast] Error 2



Determining size of unsigned __int16 failed with the following output:
Change Dir: /home/farhan/Farhan_Thesis_Codes/pbrt-v3/cmake-build-debug/CMakeFiles/CMakeTmp

Run Build Command(s):/usr/bin/make cmTC_974fa/fast && /usr/bin/make -f CMakeFiles/cmTC_974fa.dir/build.make CMakeFiles/cmTC_974fa.dir/build
make[1]: Entering directory '/home/farhan/Farhan_Thesis_Codes/pbrt-v3/cmake-build-debug/CMakeFiles/CMakeTmp'
Building C object CMakeFiles/cmTC_974fa.dir/HAVE___UINT16.c.o
/usr/bin/cc    -o CMakeFiles/cmTC_974fa.dir/HAVE___UINT16.c.o   -c /home/farhan/Farhan_Thesis_Codes/pbrt-v3/cmake-build-debug/CMakeFiles/CheckTypeSize/HAVE___UINT16.c
/home/farhan/Farhan_Thesis_Codes/pbrt-v3/cmake-build-debug/CMakeFiles/CheckTypeSize/HAVE___UINT16.c:23:31: error: expected ‘)’ before ‘__int16’
 #define SIZE (sizeof(unsigned __int16))
                               ^
/home/farhan/Farhan_Thesis_Codes/pbrt-v3/cmake-build-debug/CMakeFiles/CheckTypeSize/HAVE___UINT16.c:25:12: note: in expansion of macro ‘SIZE’
   ('0' + ((SIZE / 10000)%10)),
            ^~~~
/home/farhan/Farhan_Thesis_Codes/pbrt-v3/cmake-build-debug/CMakeFiles/CheckTypeSize/HAVE___UINT16.c:23:31: error: expected ‘)’ before ‘__int16’
 #define SIZE (sizeof(unsigned __int16))
                               ^
/home/farhan/Farhan_Thesis_Codes/pbrt-v3/cmake-build-debug/CMakeFiles/CheckTypeSize/HAVE___UINT16.c:26:12: note: in expansion of macro ‘SIZE’
   ('0' + ((SIZE / 1000)%10)),
            ^~~~
/home/farhan/Farhan_Thesis_Codes/pbrt-v3/cmake-build-debug/CMakeFiles/CheckTypeSize/HAVE___UINT16.c:23:31: error: expected ‘)’ before ‘__int16’
 #define SIZE (sizeof(unsigned __int16))
                               ^
/home/farhan/Farhan_Thesis_Codes/pbrt-v3/cmake-build-debug/CMakeFiles/CheckTypeSize/HAVE___UINT16.c:27:12: note: in expansion of macro ‘SIZE’
   ('0' + ((SIZE / 100)%10)),
            ^~~~
/home/farhan/Farhan_Thesis_Codes/pbrt-v3/cmake-build-debug/CMakeFiles/CheckTypeSize/HAVE___UINT16.c:23:31: error: expected ‘)’ before ‘__int16’
 #define SIZE (sizeof(unsigned __int16))
                               ^
/home/farhan/Farhan_Thesis_Codes/pbrt-v3/cmake-build-debug/CMakeFiles/CheckTypeSize/HAVE___UINT16.c:28:12: note: in expansion of macro ‘SIZE’
   ('0' + ((SIZE / 10)%10)),
            ^~~~
/home/farhan/Farhan_Thesis_Codes/pbrt-v3/cmake-build-debug/CMakeFiles/CheckTypeSize/HAVE___UINT16.c:23:31: error: expected ‘)’ before ‘__int16’
 #define SIZE (sizeof(unsigned __int16))
                               ^
/home/farhan/Farhan_Thesis_Codes/pbrt-v3/cmake-build-debug/CMakeFiles/CheckTypeSize/HAVE___UINT16.c:29:12: note: in expansion of macro ‘SIZE’
   ('0' +  (SIZE    % 10)),
            ^~~~
CMakeFiles/cmTC_974fa.dir/build.make:65: recipe for target 'CMakeFiles/cmTC_974fa.dir/HAVE___UINT16.c.o' failed
make[1]: *** [CMakeFiles/cmTC_974fa.dir/HAVE___UINT16.c.o] Error 1
make[1]: Leaving directory '/home/farhan/Farhan_Thesis_Codes/pbrt-v3/cmake-build-debug/CMakeFiles/CMakeTmp'
Makefile:121: recipe for target 'cmTC_974fa/fast' failed
make: *** [cmTC_974fa/fast] Error 2


/home/farhan/Farhan_Thesis_Codes/pbrt-v3/cmake-build-debug/CMakeFiles/CheckTypeSize/HAVE___UINT16.c:
#include <sys/types.h>
#include <stdint.h>
#include <stddef.h>


#undef KEY
#if defined(__i386)
# define KEY '_','_','i','3','8','6'
#elif defined(__x86_64)
# define KEY '_','_','x','8','6','_','6','4'
#elif defined(__ppc__)
# define KEY '_','_','p','p','c','_','_'
#elif defined(__ppc64__)
# define KEY '_','_','p','p','c','6','4','_','_'
#elif defined(__aarch64__)
# define KEY '_','_','a','a','r','c','h','6','4','_','_'
#elif defined(__ARM_ARCH_7A__)
# define KEY '_','_','A','R','M','_','A','R','C','H','_','7','A','_','_'
#elif defined(__ARM_ARCH_7S__)
# define KEY '_','_','A','R','M','_','A','R','C','H','_','7','S','_','_'
#endif

#define SIZE (sizeof(unsigned __int16))
static char info_size[] =  {'I', 'N', 'F', 'O', ':', 's','i','z','e','[',
  ('0' + ((SIZE / 10000)%10)),
  ('0' + ((SIZE / 1000)%10)),
  ('0' + ((SIZE / 100)%10)),
  ('0' + ((SIZE / 10)%10)),
  ('0' +  (SIZE    % 10)),
  ']',
#ifdef KEY
  ' ','k','e','y','[', KEY, ']',
#endif
  '\0'};

#ifdef __CLASSIC_C__
int main(argc, argv) int argc; char *argv[];
#else
int main(int argc, char *argv[])
#endif
{
  int require = 0;
  require += info_size[argc];
  (void)argv;
  return require;
}


Determining if the function dladdr exists failed with the following output:
Change Dir: /home/farhan/Farhan_Thesis_Codes/pbrt-v3/cmake-build-debug/CMakeFiles/CMakeTmp

Run Build Command(s):/usr/bin/make cmTC_99010/fast && /usr/bin/make -f CMakeFiles/cmTC_99010.dir/build.make CMakeFiles/cmTC_99010.dir/build
make[1]: Entering directory '/home/farhan/Farhan_Thesis_Codes/pbrt-v3/cmake-build-debug/CMakeFiles/CMakeTmp'
Building C object CMakeFiles/cmTC_99010.dir/CheckFunctionExists.c.o
/usr/bin/cc   -DCHECK_FUNCTION_EXISTS=dladdr   -o CMakeFiles/cmTC_99010.dir/CheckFunctionExists.c.o   -c /home/farhan/clion-2019.3.1/bin/cmake/linux/share/cmake-3.15/Modules/CheckFunctionExists.c
Linking C executable cmTC_99010
/home/farhan/clion-2019.3.1/bin/cmake/linux/bin/cmake -E cmake_link_script CMakeFiles/cmTC_99010.dir/link.txt --verbose=1
/usr/bin/cc  -DCHECK_FUNCTION_EXISTS=dladdr    -rdynamic CMakeFiles/cmTC_99010.dir/CheckFunctionExists.c.o  -o cmTC_99010 
CMakeFiles/cmTC_99010.dir/CheckFunctionExists.c.o: In function `main':
CheckFunctionExists.c:(.text+0x10): undefined reference to `dladdr'
collect2: error: ld returned 1 exit status
CMakeFiles/cmTC_99010.dir/build.make:86: recipe for target 'cmTC_99010' failed
make[1]: *** [cmTC_99010] Error 1
make[1]: Leaving directory '/home/farhan/Farhan_Thesis_Codes/pbrt-v3/cmake-build-debug/CMakeFiles/CMakeTmp'
Makefile:121: recipe for target 'cmTC_99010/fast' failed
make: *** [cmTC_99010/fast] Error 2



Determining if the function get_static_proc_name exists in the unwind failed with the following output:
Change Dir: /home/farhan/Farhan_Thesis_Codes/pbrt-v3/cmake-build-debug/CMakeFiles/CMakeTmp

Run Build Command(s):/usr/bin/make cmTC_e7a38/fast && /usr/bin/make -f CMakeFiles/cmTC_e7a38.dir/build.make CMakeFiles/cmTC_e7a38.dir/build
make[1]: Entering directory '/home/farhan/Farhan_Thesis_Codes/pbrt-v3/cmake-build-debug/CMakeFiles/CMakeTmp'
Building C object CMakeFiles/cmTC_e7a38.dir/CheckFunctionExists.c.o
/usr/bin/cc   -DCHECK_FUNCTION_EXISTS=get_static_proc_name   -o CMakeFiles/cmTC_e7a38.dir/CheckFunctionExists.c.o   -c /home/farhan/clion-2019.3.1/bin/cmake/linux/share/cmake-3.15/Modules/CheckFunctionExists.c
Linking C executable cmTC_e7a38
/home/farhan/clion-2019.3.1/bin/cmake/linux/bin/cmake -E cmake_link_script CMakeFiles/cmTC_e7a38.dir/link.txt --verbose=1
/usr/bin/cc  -DCHECK_FUNCTION_EXISTS=get_static_proc_name    -rdynamic CMakeFiles/cmTC_e7a38.dir/CheckFunctionExists.c.o  -o cmTC_e7a38 -lunwind 
/usr/bin/ld: cannot find -lunwind
collect2: error: ld returned 1 exit status
CMakeFiles/cmTC_e7a38.dir/build.make:86: recipe for target 'cmTC_e7a38' failed
make[1]: *** [cmTC_e7a38] Error 1
make[1]: Leaving directory '/home/farhan/Farhan_Thesis_Codes/pbrt-v3/cmake-build-debug/CMakeFiles/CMakeTmp'
Makefile:121: recipe for target 'cmTC_e7a38/fast' failed
make: *** [cmTC_e7a38/fast] Error 2



Performing C SOURCE FILE Test HAVE_RWLOCK failed with the following output:
Change Dir: /home/farhan/Farhan_Thesis_Codes/pbrt-v3/cmake-build-debug/CMakeFiles/CMakeTmp

Run Build Command(s):/usr/bin/make cmTC_fde10/fast && /usr/bin/make -f CMakeFiles/cmTC_fde10.dir/build.make CMakeFiles/cmTC_fde10.dir/build
make[1]: Entering directory '/home/farhan/Farhan_Thesis_Codes/pbrt-v3/cmake-build-debug/CMakeFiles/CMakeTmp'
Building C object CMakeFiles/cmTC_fde10.dir/src.c.o
/usr/bin/cc   -DHAVE_RWLOCK   -o CMakeFiles/cmTC_fde10.dir/src.c.o   -c /home/farhan/Farhan_Thesis_Codes/pbrt-v3/cmake-build-debug/CMakeFiles/CMakeTmp/src.c
Linking C executable cmTC_fde10
/home/farhan/clion-2019.3.1/bin/cmake/linux/bin/cmake -E cmake_link_script CMakeFiles/cmTC_fde10.dir/link.txt --verbose=1
/usr/bin/cc  -DHAVE_RWLOCK    -rdynamic CMakeFiles/cmTC_fde10.dir/src.c.o  -o cmTC_fde10 
CMakeFiles/cmTC_fde10.dir/src.c.o: In function `main':
src.c:(.text+0x24): undefined reference to `pthread_rwlock_init'
src.c:(.text+0x30): undefined reference to `pthread_rwlock_rdlock'
collect2: error: ld returned 1 exit status
CMakeFiles/cmTC_fde10.dir/build.make:86: recipe for target 'cmTC_fde10' failed
make[1]: *** [cmTC_fde10] Error 1
make[1]: Leaving directory '/home/farhan/Farhan_Thesis_Codes/pbrt-v3/cmake-build-debug/CMakeFiles/CMakeTmp'
Makefile:121: recipe for target 'cmTC_fde10/fast' failed
make: *** [cmTC_fde10/fast] Error 2


Source file was:

#define _XOPEN_SOURCE 500
#include <pthread.h>
int main(void)
{
  pthread_rwlock_t l;
  pthread_rwlock_init(&l, NULL);
  pthread_rwlock_rdlock(&l);
  return 0;
}

Performing C SOURCE FILE Test HAVE___DECLSPEC failed with the following output:
Change Dir: /home/farhan/Farhan_Thesis_Codes/pbrt-v3/cmake-build-debug/CMakeFiles/CMakeTmp

Run Build Command(s):/usr/bin/make cmTC_06b07/fast && /usr/bin/make -f CMakeFiles/cmTC_06b07.dir/build.make CMakeFiles/cmTC_06b07.dir/build
make[1]: Entering directory '/home/farhan/Farhan_Thesis_Codes/pbrt-v3/cmake-build-debug/CMakeFiles/CMakeTmp'
Building C object CMakeFiles/cmTC_06b07.dir/src.c.o
/usr/bin/cc   -DHAVE___DECLSPEC   -o CMakeFiles/cmTC_06b07.dir/src.c.o   -c /home/farhan/Farhan_Thesis_Codes/pbrt-v3/cmake-build-debug/CMakeFiles/CMakeTmp/src.c
/home/farhan/Farhan_Thesis_Codes/pbrt-v3/cmake-build-debug/CMakeFiles/CMakeTmp/src.c:2:1: warning: return type defaults to ‘int’ [-Wimplicit-int]
 __declspec(selectany) int a;
 ^~~~~~~~~~
/home/farhan/Farhan_Thesis_Codes/pbrt-v3/cmake-build-debug/CMakeFiles/CMakeTmp/src.c: In function ‘__declspec’:
/home/farhan/Farhan_Thesis_Codes/pbrt-v3/cmake-build-debug/CMakeFiles/CMakeTmp/src.c:3:16: error: expected ‘=’, ‘,’, ‘;’, ‘asm’ or ‘__attribute__’ before ‘{’ token
 int main(void) { return 0; }
                ^
/home/farhan/Farhan_Thesis_Codes/pbrt-v3/cmake-build-debug/CMakeFiles/CMakeTmp/src.c:2:1: warning: type of ‘selectany’ defaults to ‘int’ [-Wimplicit-int]
 __declspec(selectany) int a;
 ^~~~~~~~~~
/home/farhan/Farhan_Thesis_Codes/pbrt-v3/cmake-build-debug/CMakeFiles/CMakeTmp/src.c:2:27: error: declaration for parameter ‘a’ but no such parameter
 __declspec(selectany) int a;
                           ^
/home/farhan/Farhan_Thesis_Codes/pbrt-v3/cmake-build-debug/CMakeFiles/CMakeTmp/src.c:3:16: error: expected ‘{’ at end of input
 int main(void) { return 0; }
                ^
CMakeFiles/cmTC_06b07.dir/build.make:65: recipe for target 'CMakeFiles/cmTC_06b07.dir/src.c.o' failed
make[1]: *** [CMakeFiles/cmTC_06b07.dir/src.c.o] Error 1
make[1]: Leaving directory '/home/farhan/Farhan_Thesis_Codes/pbrt-v3/cmake-build-debug/CMakeFiles/CMakeTmp'
Makefile:121: recipe for target 'cmTC_06b07/fast' failed
make: *** [cmTC_06b07/fast] Error 2


Source file was:

__declspec(selectany) int a;
int main(void) { return 0; }

Performing C++ SOURCE FILE Test STL_NO_NAMESPACE failed with the following output:
Change Dir: /home/farhan/Farhan_Thesis_Codes/pbrt-v3/cmake-build-debug/CMakeFiles/CMakeTmp

Run Build Command(s):/usr/bin/make cmTC_d8d01/fast && /usr/bin/make -f CMakeFiles/cmTC_d8d01.dir/build.make CMakeFiles/cmTC_d8d01.dir/build
make[1]: Entering directory '/home/farhan/Farhan_Thesis_Codes/pbrt-v3/cmake-build-debug/CMakeFiles/CMakeTmp'
Building CXX object CMakeFiles/cmTC_d8d01.dir/src.cxx.o
/usr/bin/c++    -std=gnu++11 -Wno-conversion-null -DSTL_NO_NAMESPACE   -o CMakeFiles/cmTC_d8d01.dir/src.cxx.o -c /home/farhan/Farhan_Thesis_Codes/pbrt-v3/cmake-build-debug/CMakeFiles/CMakeTmp/src.cxx
/home/farhan/Farhan_Thesis_Codes/pbrt-v3/cmake-build-debug/CMakeFiles/CMakeTmp/src.cxx:3:1: error: ‘vector’ does not name a type
 vector<int> t; int main() { }
 ^~~~~~
CMakeFiles/cmTC_d8d01.dir/build.make:65: recipe for target 'CMakeFiles/cmTC_d8d01.dir/src.cxx.o' failed
make[1]: *** [CMakeFiles/cmTC_d8d01.dir/src.cxx.o] Error 1
make[1]: Leaving directory '/home/farhan/Farhan_Thesis_Codes/pbrt-v3/cmake-build-debug/CMakeFiles/CMakeTmp'
Makefile:121: recipe for target 'cmTC_d8d01/fast' failed
make: *** [cmTC_d8d01/fast] Error 2


Source file was:

#include <vector>
vector<int> t; int main() { }

